<?xml version="1.0" encoding="UTF-8"?>
<!-- Generated by org.testng.reporters.JUnitXMLReporter -->
<testsuite ignored="2" hostname="Prasad" failures="0" tests="1" name="Facebook loginpage Test" time="14.968" errors="0" timestamp="2022-03-04T19:29:17 IST">
  <testcase classname="Testcases.LoginTestcase" name="init" time="11.488"/>
  <testcase classname="Testcases.Fbbaseclass" name="@AfterSuite teardown" time="0.0">
    <ignored/>
  </testcase> <!-- @AfterSuite teardown -->
  <testcase classname="Testcases.Fbbaseclass" name="@BeforeSuite drivermanage" time="0.0">
    <ignored/>
  </testcase> <!-- @BeforeSuite drivermanage -->
</testsuite> <!-- Facebook loginpage Test -->
