<?xml version="1.0" encoding="UTF-8"?>
<testng-results ignored="2" total="3" passed="1" failed="0" skipped="0">
  <reporter-output>
  </reporter-output>
  <suite started-at="2022-03-03T17:07:13 IST" name="Suite" finished-at="2022-03-03T17:07:29 IST" duration-ms="16383">
    <groups>
    </groups>
    <test started-at="2022-03-03T17:07:13 IST" name="Facebook loginpage Test" finished-at="2022-03-03T17:07:29 IST" duration-ms="16383">
      <class name="Testcases.LoginTestcase">
        <test-method signature="init(java.lang.String,java.lang.String)[pri:0, instance:Testcases.LoginTestcase@69e153c5]" started-at="2022-03-03T17:07:17 IST" name="init" data-provider="fbdata" finished-at="2022-03-03T17:07:29 IST" duration-ms="11801" status="PASS">
          <params>
            <param index="0">
              <value>
                <![CDATA[Durgaprasad]]>
              </value>
            </param>
            <param index="1">
              <value>
                <![CDATA[durga1234]]>
              </value>
            </param>
          </params>
          <reporter-output>
          </reporter-output>
        </test-method> <!-- init -->
      </class> <!-- Testcases.LoginTestcase -->
      <class name="Testcases.Fbbaseclass">
        <test-method is-config="true" signature="drivermanage()[pri:0, instance:Testcases.Fbbaseclass@6d4d66d2]" started-at="2022-03-03T17:05:49 IST" name="drivermanage" finished-at="2022-03-03T17:07:13 IST" duration-ms="84058" status="PASS">
          <reporter-output>
          </reporter-output>
        </test-method> <!-- drivermanage -->
        <test-method is-config="true" signature="teardown()[pri:0, instance:Testcases.Fbbaseclass@6d4d66d2]" started-at="2022-03-03T17:07:30 IST" name="teardown" finished-at="2022-03-03T17:07:31 IST" duration-ms="1380" status="PASS">
          <reporter-output>
          </reporter-output>
        </test-method> <!-- teardown -->
      </class> <!-- Testcases.Fbbaseclass -->
    </test> <!-- Facebook loginpage Test -->
  </suite> <!-- Suite -->
</testng-results>
